I, [2015-06-19T13:58:29.827076 #59515]  INFO -- : Started GET "/" for 127.0.0.1 at 2015-06-19 13:58:29 -0400
I, [2015-06-19T13:58:29.875652 #59515]  INFO -- : Processing by HomeController#index as HTML
I, [2015-06-19T13:58:29.901479 #59515]  INFO -- :   Rendered home/index.html.erb within layouts/application (0.5ms)
I, [2015-06-19T13:58:29.903124 #59515]  INFO -- : Completed 200 OK in 27ms (Views: 16.8ms | ActiveRecord: 0.0ms)
I, [2015-06-19T13:58:30.001258 #59515]  INFO -- : Started GET "/stylesheets/application.css" for 127.0.0.1 at 2015-06-19 13:58:30 -0400
F, [2015-06-19T13:58:30.002615 #59515] FATAL -- : 
ActionController::RoutingError (No route matches [GET] "/stylesheets/application.css"):
  actionpack (4.1.8) lib/action_dispatch/middleware/debug_exceptions.rb:21:in `call'
  actionpack (4.1.8) lib/action_dispatch/middleware/show_exceptions.rb:30:in `call'
  railties (4.1.8) lib/rails/rack/logger.rb:38:in `call_app'
  railties (4.1.8) lib/rails/rack/logger.rb:20:in `block in call'
  activesupport (4.1.8) lib/active_support/tagged_logging.rb:68:in `block in tagged'
  activesupport (4.1.8) lib/active_support/tagged_logging.rb:26:in `tagged'
  activesupport (4.1.8) lib/active_support/tagged_logging.rb:68:in `tagged'
  railties (4.1.8) lib/rails/rack/logger.rb:20:in `call'
  actionpack (4.1.8) lib/action_dispatch/middleware/request_id.rb:21:in `call'
  rack (1.5.5) lib/rack/methodoverride.rb:21:in `call'
  rack (1.5.5) lib/rack/runtime.rb:17:in `call'
  activesupport (4.1.8) lib/active_support/cache/strategy/local_cache_middleware.rb:26:in `call'
  rack (1.5.5) lib/rack/sendfile.rb:112:in `call'
  railties (4.1.8) lib/rails/engine.rb:514:in `call'
  railties (4.1.8) lib/rails/application.rb:144:in `call'
  rack (1.5.5) lib/rack/lock.rb:17:in `call'
  rack (1.5.5) lib/rack/content_length.rb:14:in `call'
  rack (1.5.5) lib/rack/handler/webrick.rb:60:in `service'
  /usr/lib/ruby/1.9.1/webrick/httpserver.rb:138:in `service'
  /usr/lib/ruby/1.9.1/webrick/httpserver.rb:94:in `run'
  /usr/lib/ruby/1.9.1/webrick/server.rb:191:in `block in start_thread'


I, [2015-06-19T13:58:30.101816 #59515]  INFO -- : Started GET "/javascripts/application.js" for 127.0.0.1 at 2015-06-19 13:58:30 -0400
F, [2015-06-19T13:58:30.103225 #59515] FATAL -- : 
ActionController::RoutingError (No route matches [GET] "/javascripts/application.js"):
  actionpack (4.1.8) lib/action_dispatch/middleware/debug_exceptions.rb:21:in `call'
  actionpack (4.1.8) lib/action_dispatch/middleware/show_exceptions.rb:30:in `call'
  railties (4.1.8) lib/rails/rack/logger.rb:38:in `call_app'
  railties (4.1.8) lib/rails/rack/logger.rb:20:in `block in call'
  activesupport (4.1.8) lib/active_support/tagged_logging.rb:68:in `block in tagged'
  activesupport (4.1.8) lib/active_support/tagged_logging.rb:26:in `tagged'
  activesupport (4.1.8) lib/active_support/tagged_logging.rb:68:in `tagged'
  railties (4.1.8) lib/rails/rack/logger.rb:20:in `call'
  actionpack (4.1.8) lib/action_dispatch/middleware/request_id.rb:21:in `call'
  rack (1.5.5) lib/rack/methodoverride.rb:21:in `call'
  rack (1.5.5) lib/rack/runtime.rb:17:in `call'
  activesupport (4.1.8) lib/active_support/cache/strategy/local_cache_middleware.rb:26:in `call'
  rack (1.5.5) lib/rack/sendfile.rb:112:in `call'
  railties (4.1.8) lib/rails/engine.rb:514:in `call'
  railties (4.1.8) lib/rails/application.rb:144:in `call'
  rack (1.5.5) lib/rack/lock.rb:17:in `call'
  rack (1.5.5) lib/rack/content_length.rb:14:in `call'
  rack (1.5.5) lib/rack/handler/webrick.rb:60:in `service'
  /usr/lib/ruby/1.9.1/webrick/httpserver.rb:138:in `service'
  /usr/lib/ruby/1.9.1/webrick/httpserver.rb:94:in `run'
  /usr/lib/ruby/1.9.1/webrick/server.rb:191:in `block in start_thread'


I, [2015-06-22T12:13:50.689153 #22701]  INFO -- : Started GET "/users/sign_in" for 127.0.0.1 at 2015-06-22 12:13:50 -0400
I, [2015-06-22T12:13:50.871027 #22701]  INFO -- : Processing by SessionsController#new as HTML
I, [2015-06-22T12:13:50.935723 #22701]  INFO -- :   Rendered devise/sessions/new.html.erb within layouts/application (13.6ms)
I, [2015-06-22T12:13:50.941716 #22701]  INFO -- : Completed 200 OK in 70ms (Views: 22.8ms | ActiveRecord: 12.8ms)
I, [2015-06-22T12:13:51.031417 #22701]  INFO -- : Started GET "/stylesheets/application.css" for 127.0.0.1 at 2015-06-22 12:13:51 -0400
F, [2015-06-22T12:13:51.033193 #22701] FATAL -- : 
ActionController::RoutingError (No route matches [GET] "/stylesheets/application.css"):
  actionpack (4.1.8) lib/action_dispatch/middleware/debug_exceptions.rb:21:in `call'
  actionpack (4.1.8) lib/action_dispatch/middleware/show_exceptions.rb:30:in `call'
  railties (4.1.8) lib/rails/rack/logger.rb:38:in `call_app'
  railties (4.1.8) lib/rails/rack/logger.rb:20:in `block in call'
  activesupport (4.1.8) lib/active_support/tagged_logging.rb:68:in `block in tagged'
  activesupport (4.1.8) lib/active_support/tagged_logging.rb:26:in `tagged'
  activesupport (4.1.8) lib/active_support/tagged_logging.rb:68:in `tagged'
  railties (4.1.8) lib/rails/rack/logger.rb:20:in `call'
  quiet_assets (1.1.0) lib/quiet_assets.rb:27:in `call_with_quiet_assets'
  actionpack (4.1.8) lib/action_dispatch/middleware/request_id.rb:21:in `call'
  rack (1.5.5) lib/rack/methodoverride.rb:21:in `call'
  rack (1.5.5) lib/rack/runtime.rb:17:in `call'
  activesupport (4.1.8) lib/active_support/cache/strategy/local_cache_middleware.rb:26:in `call'
  rack (1.5.5) lib/rack/sendfile.rb:112:in `call'
  railties (4.1.8) lib/rails/engine.rb:514:in `call'
  railties (4.1.8) lib/rails/application.rb:144:in `call'
  rack (1.5.5) lib/rack/content_length.rb:14:in `call'
  thin (1.6.3) lib/thin/connection.rb:86:in `block in pre_process'
  thin (1.6.3) lib/thin/connection.rb:84:in `catch'
  thin (1.6.3) lib/thin/connection.rb:84:in `pre_process'
  thin (1.6.3) lib/thin/connection.rb:53:in `process'
  thin (1.6.3) lib/thin/connection.rb:39:in `receive_data'
  eventmachine (1.0.7) lib/eventmachine.rb:187:in `run_machine'
  eventmachine (1.0.7) lib/eventmachine.rb:187:in `run'
  thin (1.6.3) lib/thin/backends/base.rb:73:in `start'
  thin (1.6.3) lib/thin/server.rb:162:in `start'
  rack (1.5.5) lib/rack/handler/thin.rb:16:in `run'
  rack (1.5.5) lib/rack/server.rb:264:in `start'
  railties (4.1.8) lib/rails/commands/server.rb:69:in `start'
  railties (4.1.8) lib/rails/commands/commands_tasks.rb:81:in `block in server'
  railties (4.1.8) lib/rails/commands/commands_tasks.rb:76:in `tap'
  railties (4.1.8) lib/rails/commands/commands_tasks.rb:76:in `server'
  railties (4.1.8) lib/rails/commands/commands_tasks.rb:40:in `run_command!'
  railties (4.1.8) lib/rails/commands.rb:17:in `<top (required)>'
  bin/rails:8:in `require'
  bin/rails:8:in `<main>'


I, [2015-06-22T12:13:51.066980 #22701]  INFO -- : Started GET "/javascripts/application.js" for 127.0.0.1 at 2015-06-22 12:13:51 -0400
F, [2015-06-22T12:13:51.068594 #22701] FATAL -- : 
ActionController::RoutingError (No route matches [GET] "/javascripts/application.js"):
  actionpack (4.1.8) lib/action_dispatch/middleware/debug_exceptions.rb:21:in `call'
  actionpack (4.1.8) lib/action_dispatch/middleware/show_exceptions.rb:30:in `call'
  railties (4.1.8) lib/rails/rack/logger.rb:38:in `call_app'
  railties (4.1.8) lib/rails/rack/logger.rb:20:in `block in call'
  activesupport (4.1.8) lib/active_support/tagged_logging.rb:68:in `block in tagged'
  activesupport (4.1.8) lib/active_support/tagged_logging.rb:26:in `tagged'
  activesupport (4.1.8) lib/active_support/tagged_logging.rb:68:in `tagged'
  railties (4.1.8) lib/rails/rack/logger.rb:20:in `call'
  quiet_assets (1.1.0) lib/quiet_assets.rb:27:in `call_with_quiet_assets'
  actionpack (4.1.8) lib/action_dispatch/middleware/request_id.rb:21:in `call'
  rack (1.5.5) lib/rack/methodoverride.rb:21:in `call'
  rack (1.5.5) lib/rack/runtime.rb:17:in `call'
  activesupport (4.1.8) lib/active_support/cache/strategy/local_cache_middleware.rb:26:in `call'
  rack (1.5.5) lib/rack/sendfile.rb:112:in `call'
  railties (4.1.8) lib/rails/engine.rb:514:in `call'
  railties (4.1.8) lib/rails/application.rb:144:in `call'
  rack (1.5.5) lib/rack/content_length.rb:14:in `call'
  thin (1.6.3) lib/thin/connection.rb:86:in `block in pre_process'
  thin (1.6.3) lib/thin/connection.rb:84:in `catch'
  thin (1.6.3) lib/thin/connection.rb:84:in `pre_process'
  thin (1.6.3) lib/thin/connection.rb:53:in `process'
  thin (1.6.3) lib/thin/connection.rb:39:in `receive_data'
  eventmachine (1.0.7) lib/eventmachine.rb:187:in `run_machine'
  eventmachine (1.0.7) lib/eventmachine.rb:187:in `run'
  thin (1.6.3) lib/thin/backends/base.rb:73:in `start'
  thin (1.6.3) lib/thin/server.rb:162:in `start'
  rack (1.5.5) lib/rack/handler/thin.rb:16:in `run'
  rack (1.5.5) lib/rack/server.rb:264:in `start'
  railties (4.1.8) lib/rails/commands/server.rb:69:in `start'
  railties (4.1.8) lib/rails/commands/commands_tasks.rb:81:in `block in server'
  railties (4.1.8) lib/rails/commands/commands_tasks.rb:76:in `tap'
  railties (4.1.8) lib/rails/commands/commands_tasks.rb:76:in `server'
  railties (4.1.8) lib/rails/commands/commands_tasks.rb:40:in `run_command!'
  railties (4.1.8) lib/rails/commands.rb:17:in `<top (required)>'
  bin/rails:8:in `require'
  bin/rails:8:in `<main>'


I, [2015-06-22T12:13:53.324621 #22701]  INFO -- : Started GET "/users/sign_in" for 127.0.0.1 at 2015-06-22 12:13:53 -0400
I, [2015-06-22T12:13:53.326061 #22701]  INFO -- : Processing by SessionsController#new as HTML
I, [2015-06-22T12:13:53.335184 #22701]  INFO -- :   Rendered devise/sessions/new.html.erb within layouts/application (3.1ms)
I, [2015-06-22T12:13:53.340313 #22701]  INFO -- : Completed 200 OK in 10ms (Views: 8.5ms | ActiveRecord: 0.0ms)
I, [2015-06-22T12:13:53.529975 #22701]  INFO -- : Started GET "/stylesheets/application.css" for 127.0.0.1 at 2015-06-22 12:13:53 -0400
F, [2015-06-22T12:13:53.531762 #22701] FATAL -- : 
ActionController::RoutingError (No route matches [GET] "/stylesheets/application.css"):
  actionpack (4.1.8) lib/action_dispatch/middleware/debug_exceptions.rb:21:in `call'
  actionpack (4.1.8) lib/action_dispatch/middleware/show_exceptions.rb:30:in `call'
  railties (4.1.8) lib/rails/rack/logger.rb:38:in `call_app'
  railties (4.1.8) lib/rails/rack/logger.rb:20:in `block in call'
  activesupport (4.1.8) lib/active_support/tagged_logging.rb:68:in `block in tagged'
  activesupport (4.1.8) lib/active_support/tagged_logging.rb:26:in `tagged'
  activesupport (4.1.8) lib/active_support/tagged_logging.rb:68:in `tagged'
  railties (4.1.8) lib/rails/rack/logger.rb:20:in `call'
  quiet_assets (1.1.0) lib/quiet_assets.rb:27:in `call_with_quiet_assets'
  actionpack (4.1.8) lib/action_dispatch/middleware/request_id.rb:21:in `call'
  rack (1.5.5) lib/rack/methodoverride.rb:21:in `call'
  rack (1.5.5) lib/rack/runtime.rb:17:in `call'
  activesupport (4.1.8) lib/active_support/cache/strategy/local_cache_middleware.rb:26:in `call'
  rack (1.5.5) lib/rack/sendfile.rb:112:in `call'
  railties (4.1.8) lib/rails/engine.rb:514:in `call'
  railties (4.1.8) lib/rails/application.rb:144:in `call'
  rack (1.5.5) lib/rack/content_length.rb:14:in `call'
  thin (1.6.3) lib/thin/connection.rb:86:in `block in pre_process'
  thin (1.6.3) lib/thin/connection.rb:84:in `catch'
  thin (1.6.3) lib/thin/connection.rb:84:in `pre_process'
  thin (1.6.3) lib/thin/connection.rb:53:in `process'
  thin (1.6.3) lib/thin/connection.rb:39:in `receive_data'
  eventmachine (1.0.7) lib/eventmachine.rb:187:in `run_machine'
  eventmachine (1.0.7) lib/eventmachine.rb:187:in `run'
  thin (1.6.3) lib/thin/backends/base.rb:73:in `start'
  thin (1.6.3) lib/thin/server.rb:162:in `start'
  rack (1.5.5) lib/rack/handler/thin.rb:16:in `run'
  rack (1.5.5) lib/rack/server.rb:264:in `start'
  railties (4.1.8) lib/rails/commands/server.rb:69:in `start'
  railties (4.1.8) lib/rails/commands/commands_tasks.rb:81:in `block in server'
  railties (4.1.8) lib/rails/commands/commands_tasks.rb:76:in `tap'
  railties (4.1.8) lib/rails/commands/commands_tasks.rb:76:in `server'
  railties (4.1.8) lib/rails/commands/commands_tasks.rb:40:in `run_command!'
  railties (4.1.8) lib/rails/commands.rb:17:in `<top (required)>'
  bin/rails:8:in `require'
  bin/rails:8:in `<main>'


I, [2015-06-22T12:13:53.534205 #22701]  INFO -- : Started GET "/javascripts/application.js" for 127.0.0.1 at 2015-06-22 12:13:53 -0400
F, [2015-06-22T12:13:53.535966 #22701] FATAL -- : 
ActionController::RoutingError (No route matches [GET] "/javascripts/application.js"):
  actionpack (4.1.8) lib/action_dispatch/middleware/debug_exceptions.rb:21:in `call'
  actionpack (4.1.8) lib/action_dispatch/middleware/show_exceptions.rb:30:in `call'
  railties (4.1.8) lib/rails/rack/logger.rb:38:in `call_app'
  railties (4.1.8) lib/rails/rack/logger.rb:20:in `block in call'
  activesupport (4.1.8) lib/active_support/tagged_logging.rb:68:in `block in tagged'
  activesupport (4.1.8) lib/active_support/tagged_logging.rb:26:in `tagged'
  activesupport (4.1.8) lib/active_support/tagged_logging.rb:68:in `tagged'
  railties (4.1.8) lib/rails/rack/logger.rb:20:in `call'
  quiet_assets (1.1.0) lib/quiet_assets.rb:27:in `call_with_quiet_assets'
  actionpack (4.1.8) lib/action_dispatch/middleware/request_id.rb:21:in `call'
  rack (1.5.5) lib/rack/methodoverride.rb:21:in `call'
  rack (1.5.5) lib/rack/runtime.rb:17:in `call'
  activesupport (4.1.8) lib/active_support/cache/strategy/local_cache_middleware.rb:26:in `call'
  rack (1.5.5) lib/rack/sendfile.rb:112:in `call'
  railties (4.1.8) lib/rails/engine.rb:514:in `call'
  railties (4.1.8) lib/rails/application.rb:144:in `call'
  rack (1.5.5) lib/rack/content_length.rb:14:in `call'
  thin (1.6.3) lib/thin/connection.rb:86:in `block in pre_process'
  thin (1.6.3) lib/thin/connection.rb:84:in `catch'
  thin (1.6.3) lib/thin/connection.rb:84:in `pre_process'
  thin (1.6.3) lib/thin/connection.rb:53:in `process'
  thin (1.6.3) lib/thin/connection.rb:39:in `receive_data'
  eventmachine (1.0.7) lib/eventmachine.rb:187:in `run_machine'
  eventmachine (1.0.7) lib/eventmachine.rb:187:in `run'
  thin (1.6.3) lib/thin/backends/base.rb:73:in `start'
  thin (1.6.3) lib/thin/server.rb:162:in `start'
  rack (1.5.5) lib/rack/handler/thin.rb:16:in `run'
  rack (1.5.5) lib/rack/server.rb:264:in `start'
  railties (4.1.8) lib/rails/commands/server.rb:69:in `start'
  railties (4.1.8) lib/rails/commands/commands_tasks.rb:81:in `block in server'
  railties (4.1.8) lib/rails/commands/commands_tasks.rb:76:in `tap'
  railties (4.1.8) lib/rails/commands/commands_tasks.rb:76:in `server'
  railties (4.1.8) lib/rails/commands/commands_tasks.rb:40:in `run_command!'
  railties (4.1.8) lib/rails/commands.rb:17:in `<top (required)>'
  bin/rails:8:in `require'
  bin/rails:8:in `<main>'


I, [2015-06-22T12:15:53.641146 #22736]  INFO -- : Started GET "/users/sign_in" for 127.0.0.1 at 2015-06-22 12:15:53 -0400
I, [2015-06-22T12:15:53.725960 #22736]  INFO -- : Processing by SessionsController#new as HTML
I, [2015-06-22T12:15:53.946636 #22736]  INFO -- :   Rendered devise/sessions/new.html.erb within layouts/application (27.7ms)
I, [2015-06-22T12:15:53.952355 #22736]  INFO -- : Completed 200 OK in 226ms (Views: 51.1ms | ActiveRecord: 20.4ms)
F, [2015-06-22T12:15:54.038029 #22736] FATAL -- : 
ActionController::RoutingError (No route matches [GET] "/assets/application-5958add5ac6c348b28531f115b170217.css"):
  actionpack (4.1.8) lib/action_dispatch/middleware/debug_exceptions.rb:21:in `call'
  actionpack (4.1.8) lib/action_dispatch/middleware/show_exceptions.rb:30:in `call'
  railties (4.1.8) lib/rails/rack/logger.rb:38:in `call_app'
  railties (4.1.8) lib/rails/rack/logger.rb:20:in `block in call'
  activesupport (4.1.8) lib/active_support/tagged_logging.rb:68:in `block in tagged'
  activesupport (4.1.8) lib/active_support/tagged_logging.rb:26:in `tagged'
  activesupport (4.1.8) lib/active_support/tagged_logging.rb:68:in `tagged'
  railties (4.1.8) lib/rails/rack/logger.rb:20:in `call'
  quiet_assets (1.1.0) lib/quiet_assets.rb:27:in `call_with_quiet_assets'
  actionpack (4.1.8) lib/action_dispatch/middleware/request_id.rb:21:in `call'
  rack (1.5.5) lib/rack/methodoverride.rb:21:in `call'
  rack (1.5.5) lib/rack/runtime.rb:17:in `call'
  activesupport (4.1.8) lib/active_support/cache/strategy/local_cache_middleware.rb:26:in `call'
  rack (1.5.5) lib/rack/sendfile.rb:112:in `call'
  railties (4.1.8) lib/rails/engine.rb:514:in `call'
  railties (4.1.8) lib/rails/application.rb:144:in `call'
  rack (1.5.5) lib/rack/content_length.rb:14:in `call'
  thin (1.6.3) lib/thin/connection.rb:86:in `block in pre_process'
  thin (1.6.3) lib/thin/connection.rb:84:in `catch'
  thin (1.6.3) lib/thin/connection.rb:84:in `pre_process'
  thin (1.6.3) lib/thin/connection.rb:53:in `process'
  thin (1.6.3) lib/thin/connection.rb:39:in `receive_data'
  eventmachine (1.0.7) lib/eventmachine.rb:187:in `run_machine'
  eventmachine (1.0.7) lib/eventmachine.rb:187:in `run'
  thin (1.6.3) lib/thin/backends/base.rb:73:in `start'
  thin (1.6.3) lib/thin/server.rb:162:in `start'
  rack (1.5.5) lib/rack/handler/thin.rb:16:in `run'
  rack (1.5.5) lib/rack/server.rb:264:in `start'
  railties (4.1.8) lib/rails/commands/server.rb:69:in `start'
  railties (4.1.8) lib/rails/commands/commands_tasks.rb:81:in `block in server'
  railties (4.1.8) lib/rails/commands/commands_tasks.rb:76:in `tap'
  railties (4.1.8) lib/rails/commands/commands_tasks.rb:76:in `server'
  railties (4.1.8) lib/rails/commands/commands_tasks.rb:40:in `run_command!'
  railties (4.1.8) lib/rails/commands.rb:17:in `<top (required)>'
  bin/rails:8:in `require'
  bin/rails:8:in `<main>'


F, [2015-06-22T12:15:54.047919 #22736] FATAL -- : 
ActionController::RoutingError (No route matches [GET] "/assets/application-fc4a08d0c46b01fa36e5ba7d4af48701.js"):
  actionpack (4.1.8) lib/action_dispatch/middleware/debug_exceptions.rb:21:in `call'
  actionpack (4.1.8) lib/action_dispatch/middleware/show_exceptions.rb:30:in `call'
  railties (4.1.8) lib/rails/rack/logger.rb:38:in `call_app'
  railties (4.1.8) lib/rails/rack/logger.rb:20:in `block in call'
  activesupport (4.1.8) lib/active_support/tagged_logging.rb:68:in `block in tagged'
  activesupport (4.1.8) lib/active_support/tagged_logging.rb:26:in `tagged'
  activesupport (4.1.8) lib/active_support/tagged_logging.rb:68:in `tagged'
  railties (4.1.8) lib/rails/rack/logger.rb:20:in `call'
  quiet_assets (1.1.0) lib/quiet_assets.rb:27:in `call_with_quiet_assets'
  actionpack (4.1.8) lib/action_dispatch/middleware/request_id.rb:21:in `call'
  rack (1.5.5) lib/rack/methodoverride.rb:21:in `call'
  rack (1.5.5) lib/rack/runtime.rb:17:in `call'
  activesupport (4.1.8) lib/active_support/cache/strategy/local_cache_middleware.rb:26:in `call'
  rack (1.5.5) lib/rack/sendfile.rb:112:in `call'
  railties (4.1.8) lib/rails/engine.rb:514:in `call'
  railties (4.1.8) lib/rails/application.rb:144:in `call'
  rack (1.5.5) lib/rack/content_length.rb:14:in `call'
  thin (1.6.3) lib/thin/connection.rb:86:in `block in pre_process'
  thin (1.6.3) lib/thin/connection.rb:84:in `catch'
  thin (1.6.3) lib/thin/connection.rb:84:in `pre_process'
  thin (1.6.3) lib/thin/connection.rb:53:in `process'
  thin (1.6.3) lib/thin/connection.rb:39:in `receive_data'
  eventmachine (1.0.7) lib/eventmachine.rb:187:in `run_machine'
  eventmachine (1.0.7) lib/eventmachine.rb:187:in `run'
  thin (1.6.3) lib/thin/backends/base.rb:73:in `start'
  thin (1.6.3) lib/thin/server.rb:162:in `start'
  rack (1.5.5) lib/rack/handler/thin.rb:16:in `run'
  rack (1.5.5) lib/rack/server.rb:264:in `start'
  railties (4.1.8) lib/rails/commands/server.rb:69:in `start'
  railties (4.1.8) lib/rails/commands/commands_tasks.rb:81:in `block in server'
  railties (4.1.8) lib/rails/commands/commands_tasks.rb:76:in `tap'
  railties (4.1.8) lib/rails/commands/commands_tasks.rb:76:in `server'
  railties (4.1.8) lib/rails/commands/commands_tasks.rb:40:in `run_command!'
  railties (4.1.8) lib/rails/commands.rb:17:in `<top (required)>'
  bin/rails:8:in `require'
  bin/rails:8:in `<main>'


I, [2015-06-22T12:20:08.957906 #22926]  INFO -- : Started GET "/users/sign_in" for 127.0.0.1 at 2015-06-22 12:20:08 -0400
I, [2015-06-22T12:20:08.993604 #22926]  INFO -- : Processing by SessionsController#new as HTML
I, [2015-06-22T12:20:09.187872 #22926]  INFO -- :   Rendered devise/sessions/new.html.erb within layouts/application (23.1ms)
I, [2015-06-22T12:20:09.203650 #22926]  INFO -- : Completed 200 OK in 210ms (Views: 48.1ms | ActiveRecord: 6.5ms)
